http listening on *:3010
https listening on *:4010
user connected
user connected
user connected
user disconnected
app.get(/*), pathName=favicon.ico
app.get(/*), pathName=favicon.ico
app.get(/*), pathName=favicon.ico
app.get(/*), pathName=favicon.ico
app.get(/*), pathName=favicon.ico
app.get(/*), pathName=favicon.ico
user connected
admin connected
app.get(/*), pathName=favicon.ico
user disconnected
app.get(/*), pathName=favicon.ico
user connected
admin connected
app.get(/*), pathName=favicon.ico
user disconnected
app.get(/*), pathName=favicon.ico
user connected
admin connected
user disconnected
app.get(/*), pathName=favicon.ico
user connected
admin connected
app.get(/*), pathName=favicon.ico
app.get(/*), pathName=favicon.ico
user disconnected
app.get(/*), pathName=favicon.ico
user connected
admin connected
user disconnected
app.get(/*), pathName=favicon.ico
user connected
admin connected
app.get(/*), pathName=favicon.ico
app.get(/*), pathName=favicon.ico
app.get(/*), pathName=favicon.ico
user disconnected
app.get(/*), pathName=favicon.ico
user connected
admin connected
user disconnected
app.get(/*), pathName=favicon.ico
user connected
admin connected
app.get(/*), pathName=favicon.ico
app.get(/*), pathName=favicon.ico
app.get(/*), pathName=favicon.ico
app.get(/*), pathName=favicon.ico
app.get(/*), pathName=favicon.ico
app.get(/*), pathName=favicon.ico
app.get(/*), pathName=favicon.ico
app.get(/*), pathName=favicon.ico
app.get(/*), pathName=favicon.ico
user disconnected
user disconnected
user disconnected
user connected
user connected
admin connected
user connected
user disconnected
user disconnected
app.get(/*), pathName=favicon.ico
user connected
admin connected
user disconnected
app.get(/*), pathName=favicon.ico
user connected
admin connected
app.get(/*), pathName=favicon.ico
app.get(/*), pathName=favicon.ico
app.get(/*), pathName=favicon.ico
app.get(/*), pathName=favicon.ico
app.get(/*), pathName=favicon.ico
app.get(/*), pathName=favicon.ico
app.get(/*), pathName=favicon.ico
app.get(/*), pathName=favicon.ico
app.get(/*), pathName=favicon.ico
user disconnected
app.get(/*), pathName=favicon.ico
user connected
admin connected
app.get(/*), pathName=favicon.ico
app.get(/*), pathName=favicon.ico
app.get(/*), pathName=favicon.ico
app.get(/*), pathName=favicon.ico
app.get(/*), pathName=favicon.ico
app.get(/*), pathName=favicon.ico
user disconnected
app.get(/*), pathName=favicon.ico
user connected
admin connected
app.get(/*), pathName=favicon.ico
app.get(/*), pathName=favicon.ico
user disconnected
app.get(/*), pathName=favicon.ico
user connected
admin connected
app.get(/*), pathName=favicon.ico
app.get(/*), pathName=favicon.ico
app.get(/*), pathName=favicon.ico
app.get(/*), pathName=favicon.ico
app.get(/*), pathName=favicon.ico
app.get(/*), pathName=favicon.ico
user disconnected
app.get(/*), pathName=favicon.ico
user connected
admin connected
app.get(/*), pathName=favicon.ico
app.get(/*), pathName=favicon.ico
user disconnected
app.get(/*), pathName=favicon.ico
user connected
admin connected
user disconnected
app.get(/*), pathName=favicon.ico
user connected
admin connected
app.get(/*), pathName=favicon.ico
app.get(/*), pathName=favicon.ico
app.get(/*), pathName=favicon.ico
app.get(/*), pathName=favicon.ico
app.get(/*), pathName=favicon.ico
app.get(/*), pathName=favicon.ico
